GameInit
DONE! Create Main Surface
DONE! Attach Back Buffer
START c_SpriteList::Add
START c_Sprite::c_Sprite
   x_size 11, y_size 10
END   c_Sprite::c_Sprite
   add : ID 0, path art\fontSmall.bmp
END   c_SpriteList::Add
START c_SpriteList::Add
START c_Sprite::c_Sprite
   x_size 32, y_size 32
END   c_Sprite::c_Sprite
   add : ID 1, path art\terrain.bmp
END   c_SpriteList::Add
START c_SpriteList::Add
START c_Sprite::c_Sprite
   x_size 32, y_size 32
END   c_Sprite::c_Sprite
   add : ID 2, path art\buildings.bmp
END   c_SpriteList::Add
GameExit
START c_World::Release
   releasing...
   release complete
END   c_World::Release
