DDERR_ALREADYINITIALIZED           2289434629
DDERR_CANNOTATTACHSURFACE          2289434634
DDERR_CANNOTDETACHSURFACE          2289434644
DDERR_CURRENTLYNOTAVAIL            2289434664
DDERR_EXCEPTION                    2289434679
DDERR_GENERIC                      2147500037
DDERR_HEIGHTALIGN                  2289434714
DDERR_INCOMPATIBLEPRIMARY          2289434719
DDERR_INVALIDCAPS                  2289434724
DDERR_INVALIDCLIPLIST              2289434734
DDERR_INVALIDMODE                  2289434744
DDERR_INVALIDOBJECT                2289434754
DDERR_INVALIDPARAMS                2147942487
DDERR_INVALIDPIXELFORMAT           2289434769
DDERR_INVALIDRECT                  2289434774
DDERR_LOCKEDSURFACES               2289434784
DDERR_NO3D                         2289434794
DDERR_NOALPHAHW                    2289434804
DDERR_NOCLIPLIST                   2289434829
DDERR_NOCOLORCONVHW                2289434834
DDERR_NOCOOPERATIVELEVELSET        2289434836
DDERR_NOCOLORKEY                   2289434839
DDERR_NOCOLORKEYHW                 2289434844
DDERR_NODIRECTDRAWSUPPORT          2289434846
DDERR_NOEXCLUSIVEMODE              2289434849
DDERR_NOFLIPHW                     2289434854
DDERR_NOGDI                        2289434864
DDERR_NOMIRRORHW                   2289434874
DDERR_NOTFOUND                     2289434879
DDERR_NOOVERLAYHW                  2289434884
DDERR_NORASTEROPHW                 2289434904
DDERR_NOROTATIONHW                 2289434914
DDERR_NOSTRETCHHW                  2289434934
DDERR_NOT4BITCOLOR                 2289434940
DDERR_NOT4BITCOLORINDEX            2289434941
DDERR_NOT8BITCOLOR                 2289434944
DDERR_NOTEXTUREHW                  2289434954
DDERR_NOVSYNCHW                    2289434959
DDERR_NOZBUFFERHW                  2289434964
DDERR_NOZOVERLAYHW                 2289434974
DDERR_OUTOFCAPS                    2289434984
DDERR_OUTOFMEMORY                  2147942414
DDERR_OUTOFVIDEOMEMORY             2289435004
DDERR_OVERLAYCANTCLIP              2289435006
DDERR_OVERLAYCOLORKEYONLYONEACTIVE 2289435008
DDERR_PALETTEBUSY                  2289435011
DDERR_COLORKEYNOTSET               2289435024
DDERR_SURFACEALREADYATTACHED       2289435034
DDERR_SURFACEALREADYDEPENDENT      2289435044
DDERR_SURFACEBUSY                  2289435054
DDERR_CANTLOCKSURFACE              2289435059
DDERR_SURFACEISOBSCURED            2289435064
DDERR_SURFACELOST                  2289435074
DDERR_SURFACENOTATTACHED           2289435084
DDERR_TOOBIGHEIGHT                 2289435094
DDERR_TOOBIGSIZE                   2289435104
DDERR_TOOBIGWIDTH                  2289435114
DDERR_UNSUPPORTED                  2147500033
DDERR_UNSUPPORTEDFORMAT            2289435134
DDERR_UNSUPPORTEDMASK              2289435144
DDERR_VERTICALBLANKINPROGRESS      2289435161
DDERR_WASSTILLDRAWING              2289435164
DDERR_XALIGN                       2289435184
DDERR_INVALIDDIRECTDRAWGUID        2289435185
DDERR_DIRECTDRAWALREADYCREATED     2289435186
DDERR_NODIRECTDRAWHW               2289435187
DDERR_PRIMARYSURFACEALREADYEXISTS  2289435188
DDERR_NOEMULATION                  2289435189
DDERR_REGIONTOOSMALL               2289435190
DDERR_CLIPPERISUSINGHWND           2289435191
DDERR_NOCLIPPERATTACHED            2289435192
DDERR_NOHWND                       2289435193
DDERR_HWNDSUBCLASSED               2289435194
DDERR_HWNDALREADYSET               2289435195
DDERR_NOPALETTEATTACHED            2289435196
DDERR_NOPALETTEHW                  2289435197
DDERR_BLTFASTCANTCLIP              2289435198
DDERR_NOBLTHW                      2289435199
DDERR_NODDROPSHW                   2289435200
DDERR_OVERLAYNOTVISIBLE            2289435201
DDERR_NOOVERLAYDEST                2289435202
DDERR_INVALIDPOSITION              2289435203
DDERR_NOTAOVERLAYSURFACE           2289435204
DDERR_EXCLUSIVEMODEALREADYSET      2289435205
DDERR_NOTFLIPPABLE                 2289435206
DDERR_CANTDUPLICATE                2289435207
DDERR_NOTLOCKED                    2289435208
DDERR_CANTCREATEDC                 2289435209
DDERR_NODC                         2289435210
DDERR_WRONGMODE                    2289435211
DDERR_IMPLICITLYCREATED            2289435212
DDERR_NOTPALETTIZED                2289435213
DDERR_UNSUPPORTEDMODE              2289435214
DDERR_NOMIPMAPHW                   2289435215
DDERR_INVALIDSURFACETYPE           2289435216
DDERR_NOOPTIMIZEHW                 2289435224
DDERR_NOTLOADED                    2289435225
DDERR_NOFOCUSWINDOW                2289435226
DDERR_DCALREADYCREATED             2289435244
DDERR_NONONLOCALVIDMEM             2289435254
DDERR_CANTPAGELOCK                 2289435264
DDERR_CANTPAGEUNLOCK               2289435284
DDERR_NOTPAGELOCKED                2289435304
DDERR_MOREDATA                     2289435314
DDERR_VIDEONOTACTIVE               2289435319
DDERR_DEVICEDOESNTOWNSURFACE       2289435323
DDERR_NOTINITIALIZED               2147746288
current 2289434774
