GameInit
DONE! Create Main Surface
DONE! Attach Back Buffer
START c_SpriteList::Add
START c_Sprite::c_Sprite
   x_size 4, y_size 4
END   c_Sprite::c_Sprite
   add : ID 0, path art\particicle.bmp
END   c_SpriteList::Add
START c_SpriteList::Add
START c_Sprite::c_Sprite
   x_size 30, y_size 30
END   c_Sprite::c_Sprite
   add : ID 1, path art\buildings.bmp
END   c_SpriteList::Add
START c_SpriteList::Add
START c_Sprite::c_Sprite
   x_size 17, y_size 22
END   c_Sprite::c_Sprite
   add : ID 2, path art\font.bmp
END   c_SpriteList::Add
GameExit
