coord(100;100)
set to 0
coord(100;101)
set to 0
coord(100;102)
set to 0
coord(100;103)
set to 0
coord(100;104)
set to 0
coord(100;105)
set to 0
coord(100;106)
set to 0
coord(100;107)
set to 0
coord(100;108)
set to 0
coord(100;109)
set to 0
coord(100;110)
set to 0
coord(101;100)
set to 0
coord(101;101)
set to 0
coord(101;102)
set to 0
coord(101;103)
set to 0
coord(101;104)
set to 0
coord(101;105)
set to 0
coord(101;106)
set to 0
coord(101;107)
set to 0
coord(101;108)
set to 0
coord(101;109)
set to 0
coord(101;110)
set to 0
coord(102;100)
set to 0
coord(102;101)
set to 0
coord(102;102)
set to 0
coord(102;103)
set to 0
coord(102;104)
set to 0
coord(102;105)
set to 0
coord(102;106)
set to 0
coord(102;107)
set to 0
coord(102;108)
set to 0
coord(102;109)
set to 0
coord(102;110)
set to 0
coord(103;100)
set to 0
coord(103;101)
set to 0
coord(103;102)
set to 0
coord(103;103)
set to 0
coord(103;104)
set to 0
coord(103;105)
set to 0
coord(103;106)
set to 0
coord(103;107)
set to 0
coord(103;108)
set to 0
coord(103;109)
set to 0
coord(103;110)
set to 0
coord(104;100)
set to 0
coord(104;101)
set to 0
coord(104;102)
set to 0
coord(104;103)
set to 0
coord(104;104)
set to 0
coord(104;105)
set to 0
coord(104;106)
set to 0
coord(104;107)
set to 0
coord(104;108)
set to 0
coord(104;109)
set to 0
coord(104;110)
set to 0
coord(105;100)
set to 0
coord(105;101)
set to 0
coord(105;102)
set to 0
coord(105;103)
set to 0
coord(105;104)
set to 0
coord(105;105)
set to 0
coord(105;106)
set to 0
coord(105;107)
set to 0
coord(105;108)
set to 0
coord(105;109)
set to 0
coord(105;110)
set to 0
coord(106;100)
set to 0
coord(106;101)
set to 0
coord(106;102)
set to 0
coord(106;103)
set to 0
coord(106;104)
set to 0
coord(106;105)
set to 0
coord(106;106)
set to 0
coord(106;107)
set to 0
coord(106;108)
set to 0
coord(106;109)
set to 0
coord(106;110)
set to 0
coord(107;100)
set to 0
coord(107;101)
set to 0
coord(107;102)
set to 0
coord(107;103)
set to 0
coord(107;104)
set to 0
coord(107;105)
set to 0
coord(107;106)
set to 0
coord(107;107)
set to 0
coord(107;108)
set to 0
coord(107;109)
set to 0
coord(107;110)
set to 0
coord(108;100)
set to 0
coord(108;101)
set to 0
coord(108;102)
set to 0
coord(108;103)
set to 0
coord(108;104)
set to 0
coord(108;105)
set to 0
coord(108;106)
set to 0
coord(108;107)
set to 0
coord(108;108)
set to 0
coord(108;109)
set to 0
coord(108;110)
set to 0
coord(109;100)
set to 0
coord(109;101)
set to 0
coord(109;102)
set to 0
coord(109;103)
set to 0
coord(109;104)
set to 0
coord(109;105)
set to 0
coord(109;106)
set to 0
coord(109;107)
set to 0
coord(109;108)
set to 0
coord(109;109)
set to 0
coord(109;110)
set to 0
coord(110;100)
set to 0
coord(110;101)
set to 0
coord(110;102)
set to 0
coord(110;103)
set to 0
coord(110;104)
set to 0
coord(110;105)
set to 0
coord(110;106)
set to 0
coord(110;107)
set to 0
coord(110;108)
set to 0
coord(110;109)
set to 0
coord(110;110)
set to 0
